mode: atomic
github.com/pgdevelopers/shareddiscovery/shareddiscovery.go:56.62,58.2 1 10
github.com/pgdevelopers/shareddiscovery/shareddiscovery.go:62.130,79.16 6 3
github.com/pgdevelopers/shareddiscovery/shareddiscovery.go:83.2,85.16 3 2
github.com/pgdevelopers/shareddiscovery/shareddiscovery.go:89.2,90.23 2 2
github.com/pgdevelopers/shareddiscovery/shareddiscovery.go:79.16,81.3 1 1
github.com/pgdevelopers/shareddiscovery/shareddiscovery.go:85.16,87.3 1 0
github.com/pgdevelopers/shareddiscovery/shareddiscovery.go:93.140,94.25 1 3
github.com/pgdevelopers/shareddiscovery/shareddiscovery.go:98.2,98.25 1 3
github.com/pgdevelopers/shareddiscovery/shareddiscovery.go:94.25,96.3 1 1
github.com/pgdevelopers/shareddiscovery/shareddiscovery.go:106.122,111.47 3 7
github.com/pgdevelopers/shareddiscovery/shareddiscovery.go:117.2,118.16 2 6
github.com/pgdevelopers/shareddiscovery/shareddiscovery.go:124.2,124.34 1 4
github.com/pgdevelopers/shareddiscovery/shareddiscovery.go:111.47,114.3 2 1
github.com/pgdevelopers/shareddiscovery/shareddiscovery.go:118.16,121.3 2 2
github.com/pgdevelopers/shareddiscovery/shareddiscovery.go:128.86,139.16 9 7
github.com/pgdevelopers/shareddiscovery/shareddiscovery.go:144.2,144.49 1 7
github.com/pgdevelopers/shareddiscovery/shareddiscovery.go:139.16,142.3 2 0
github.com/pgdevelopers/shareddiscovery/shareddiscovery.go:147.48,152.35 3 7
github.com/pgdevelopers/shareddiscovery/shareddiscovery.go:156.2,159.27 3 7
github.com/pgdevelopers/shareddiscovery/shareddiscovery.go:162.2,162.16 1 7
github.com/pgdevelopers/shareddiscovery/shareddiscovery.go:152.35,155.3 2 25
github.com/pgdevelopers/shareddiscovery/shareddiscovery.go:159.27,161.3 1 25
github.com/pgdevelopers/shareddiscovery/shareddiscovery.go:165.134,168.25 3 6
github.com/pgdevelopers/shareddiscovery/shareddiscovery.go:192.2,216.16 2 3
github.com/pgdevelopers/shareddiscovery/shareddiscovery.go:221.2,221.29 1 2
github.com/pgdevelopers/shareddiscovery/shareddiscovery.go:168.25,184.17 2 3
github.com/pgdevelopers/shareddiscovery/shareddiscovery.go:189.3,189.30 1 2
github.com/pgdevelopers/shareddiscovery/shareddiscovery.go:184.17,188.4 3 1
github.com/pgdevelopers/shareddiscovery/shareddiscovery.go:216.16,220.3 3 1
github.com/pgdevelopers/shareddiscovery/shareddiscovery.go:224.103,229.21 4 4
github.com/pgdevelopers/shareddiscovery/shareddiscovery.go:239.2,239.43 1 2
github.com/pgdevelopers/shareddiscovery/shareddiscovery.go:229.21,231.17 2 2
github.com/pgdevelopers/shareddiscovery/shareddiscovery.go:235.3,237.55 3 2
github.com/pgdevelopers/shareddiscovery/shareddiscovery.go:231.17,234.4 2 0
