mode: atomic
github.com/pgdevelopers/shareddiscovery/shareddiscovery.go:56.62,58.2 1 10
github.com/pgdevelopers/shareddiscovery/shareddiscovery.go:62.130,79.16 6 3
github.com/pgdevelopers/shareddiscovery/shareddiscovery.go:83.2,85.16 3 2
github.com/pgdevelopers/shareddiscovery/shareddiscovery.go:89.2,90.23 2 2
github.com/pgdevelopers/shareddiscovery/shareddiscovery.go:79.16,81.3 1 1
github.com/pgdevelopers/shareddiscovery/shareddiscovery.go:85.16,87.3 1 0
github.com/pgdevelopers/shareddiscovery/shareddiscovery.go:93.140,94.25 1 3
github.com/pgdevelopers/shareddiscovery/shareddiscovery.go:98.2,98.25 1 3
github.com/pgdevelopers/shareddiscovery/shareddiscovery.go:94.25,96.3 1 1
github.com/pgdevelopers/shareddiscovery/shareddiscovery.go:106.122,111.47 3 7
github.com/pgdevelopers/shareddiscovery/shareddiscovery.go:117.2,118.16 2 6
github.com/pgdevelopers/shareddiscovery/shareddiscovery.go:124.2,124.34 1 4
github.com/pgdevelopers/shareddiscovery/shareddiscovery.go:111.47,114.3 2 1
github.com/pgdevelopers/shareddiscovery/shareddiscovery.go:118.16,121.3 2 2
github.com/pgdevelopers/shareddiscovery/shareddiscovery.go:127.86,137.16 9 7
github.com/pgdevelopers/shareddiscovery/shareddiscovery.go:142.2,142.49 1 7
github.com/pgdevelopers/shareddiscovery/shareddiscovery.go:137.16,140.3 2 0
github.com/pgdevelopers/shareddiscovery/shareddiscovery.go:145.48,150.35 3 7
github.com/pgdevelopers/shareddiscovery/shareddiscovery.go:154.2,157.27 3 7
github.com/pgdevelopers/shareddiscovery/shareddiscovery.go:160.2,160.16 1 7
github.com/pgdevelopers/shareddiscovery/shareddiscovery.go:150.35,153.3 2 25
github.com/pgdevelopers/shareddiscovery/shareddiscovery.go:157.27,159.3 1 25
github.com/pgdevelopers/shareddiscovery/shareddiscovery.go:163.134,166.25 3 6
github.com/pgdevelopers/shareddiscovery/shareddiscovery.go:190.2,214.16 2 3
github.com/pgdevelopers/shareddiscovery/shareddiscovery.go:219.2,219.29 1 2
github.com/pgdevelopers/shareddiscovery/shareddiscovery.go:166.25,182.17 2 3
github.com/pgdevelopers/shareddiscovery/shareddiscovery.go:187.3,187.30 1 2
github.com/pgdevelopers/shareddiscovery/shareddiscovery.go:182.17,186.4 3 1
github.com/pgdevelopers/shareddiscovery/shareddiscovery.go:214.16,218.3 3 1
github.com/pgdevelopers/shareddiscovery/shareddiscovery.go:222.103,227.21 4 4
github.com/pgdevelopers/shareddiscovery/shareddiscovery.go:237.2,237.43 1 2
github.com/pgdevelopers/shareddiscovery/shareddiscovery.go:227.21,229.17 2 2
github.com/pgdevelopers/shareddiscovery/shareddiscovery.go:233.3,235.55 3 2
github.com/pgdevelopers/shareddiscovery/shareddiscovery.go:229.17,232.4 2 0
